2014-04-15 04:07:59.332+0000 INFO  [o.n.k.i.DiagnosticsManager]: --- INITIALIZED diagnostics START ---
2014-04-15 04:07:59.334+0000 INFO  [o.n.k.i.DiagnosticsManager]: Neo4j Kernel properties:
2014-04-15 04:07:59.338+0000 INFO  [o.n.k.i.DiagnosticsManager]: neostore.propertystore.db.mapped_memory=663M
2014-04-15 04:07:59.338+0000 INFO  [o.n.k.i.DiagnosticsManager]: neostore.nodestore.db.mapped_memory=184M
2014-04-15 04:07:59.338+0000 INFO  [o.n.k.i.DiagnosticsManager]: neostore.relationshipstore.db.mapped_memory=812M
2014-04-15 04:07:59.338+0000 INFO  [o.n.k.i.DiagnosticsManager]: neostore.propertystore.db.strings.mapped_memory=563M
2014-04-15 04:07:59.338+0000 INFO  [o.n.k.i.DiagnosticsManager]: store_dir=accessingdataneo4j.db
2014-04-15 04:07:59.339+0000 INFO  [o.n.k.i.DiagnosticsManager]: neostore.propertystore.db.arrays.mapped_memory=639M
2014-04-15 04:07:59.341+0000 INFO  [o.n.k.i.DiagnosticsManager]: Diagnostics providers:
2014-04-15 04:07:59.341+0000 INFO  [o.n.k.i.DiagnosticsManager]: org.neo4j.kernel.configuration.Config
2014-04-15 04:07:59.341+0000 INFO  [o.n.k.i.DiagnosticsManager]: org.neo4j.kernel.info.DiagnosticsManager
2014-04-15 04:07:59.341+0000 INFO  [o.n.k.i.DiagnosticsManager]: SYSTEM_MEMORY
2014-04-15 04:07:59.341+0000 INFO  [o.n.k.i.DiagnosticsManager]: JAVA_MEMORY
2014-04-15 04:07:59.341+0000 INFO  [o.n.k.i.DiagnosticsManager]: OPERATING_SYSTEM
2014-04-15 04:07:59.341+0000 INFO  [o.n.k.i.DiagnosticsManager]: JAVA_VIRTUAL_MACHINE
2014-04-15 04:07:59.341+0000 INFO  [o.n.k.i.DiagnosticsManager]: CLASSPATH
2014-04-15 04:07:59.341+0000 INFO  [o.n.k.i.DiagnosticsManager]: LIBRARY_PATH
2014-04-15 04:07:59.341+0000 INFO  [o.n.k.i.DiagnosticsManager]: SYSTEM_PROPERTIES
2014-04-15 04:07:59.341+0000 INFO  [o.n.k.i.DiagnosticsManager]: NETWORK
2014-04-15 04:07:59.342+0000 INFO  [o.n.k.i.DiagnosticsManager]: System memory information:
2014-04-15 04:07:59.344+0000 INFO  [o.n.k.i.DiagnosticsManager]: Total Physical memory: 8.00 GB
2014-04-15 04:07:59.347+0000 INFO  [o.n.k.i.DiagnosticsManager]: Free Physical memory: 88.92 MB
2014-04-15 04:07:59.348+0000 INFO  [o.n.k.i.DiagnosticsManager]: Committed virtual memory: 4.62 GB
2014-04-15 04:07:59.349+0000 INFO  [o.n.k.i.DiagnosticsManager]: Total swap space: 1.00 GB
2014-04-15 04:07:59.349+0000 INFO  [o.n.k.i.DiagnosticsManager]: Free swap space: 1.00 GB
2014-04-15 04:07:59.350+0000 INFO  [o.n.k.i.DiagnosticsManager]: JVM memory information:
2014-04-15 04:07:59.350+0000 INFO  [o.n.k.i.DiagnosticsManager]: Free  memory: 103.00 MB
2014-04-15 04:07:59.350+0000 INFO  [o.n.k.i.DiagnosticsManager]: Total memory: 123.00 MB
2014-04-15 04:07:59.350+0000 INFO  [o.n.k.i.DiagnosticsManager]: Max   memory: 1.78 GB
2014-04-15 04:07:59.354+0000 INFO  [o.n.k.i.DiagnosticsManager]: Garbage Collector: PS Scavenge: [PS Eden Space, PS Survivor Space]
2014-04-15 04:07:59.354+0000 INFO  [o.n.k.i.DiagnosticsManager]: Garbage Collector: PS MarkSweep: [PS Eden Space, PS Survivor Space, PS Old Gen, PS Perm Gen]
2014-04-15 04:07:59.355+0000 INFO  [o.n.k.i.DiagnosticsManager]: Memory Pool: Code Cache (Non-heap memory): committed=2.44 MB, used=914.88 kB, max=48.00 MB, threshold=0.00 B
2014-04-15 04:07:59.356+0000 INFO  [o.n.k.i.DiagnosticsManager]: Memory Pool: PS Eden Space (Heap memory): committed=33.00 MB, used=15.75 MB, max=673.00 MB, threshold=?
2014-04-15 04:07:59.356+0000 INFO  [o.n.k.i.DiagnosticsManager]: Memory Pool: PS Survivor Space (Heap memory): committed=5.00 MB, used=4.23 MB, max=5.00 MB, threshold=?
2014-04-15 04:07:59.356+0000 INFO  [o.n.k.i.DiagnosticsManager]: Memory Pool: PS Old Gen (Heap memory): committed=85.00 MB, used=16.00 kB, max=1.33 GB, threshold=0.00 B
2014-04-15 04:07:59.357+0000 INFO  [o.n.k.i.DiagnosticsManager]: Memory Pool: PS Perm Gen (Non-heap memory): committed=21.00 MB, used=13.03 MB, max=82.00 MB, threshold=0.00 B
2014-04-15 04:07:59.357+0000 INFO  [o.n.k.i.DiagnosticsManager]: Operating system information:
2014-04-15 04:07:59.357+0000 INFO  [o.n.k.i.DiagnosticsManager]: Operating System: Mac OS X; version: 10.9.2; arch: x86_64; cpus: 4
2014-04-15 04:07:59.358+0000 INFO  [o.n.k.i.DiagnosticsManager]: Max number of file descriptors: 10240
2014-04-15 04:07:59.358+0000 INFO  [o.n.k.i.DiagnosticsManager]: Number of open file descriptors: 57
2014-04-15 04:07:59.358+0000 INFO  [o.n.k.i.DiagnosticsManager]: Process id: 9210@16812.local
2014-04-15 04:07:59.358+0000 INFO  [o.n.k.i.DiagnosticsManager]: Byte order: LITTLE_ENDIAN
2014-04-15 04:07:59.358+0000 INFO  [o.n.k.i.DiagnosticsManager]: Local timezone: America/Chicago
2014-04-15 04:07:59.358+0000 INFO  [o.n.k.i.DiagnosticsManager]: JVM information:
2014-04-15 04:07:59.358+0000 INFO  [o.n.k.i.DiagnosticsManager]: VM Name: Java HotSpot(TM) 64-Bit Server VM
2014-04-15 04:07:59.359+0000 INFO  [o.n.k.i.DiagnosticsManager]: VM Vendor: Oracle Corporation
2014-04-15 04:07:59.359+0000 INFO  [o.n.k.i.DiagnosticsManager]: VM Version: 24.0-b56
2014-04-15 04:07:59.359+0000 INFO  [o.n.k.i.DiagnosticsManager]: JIT compiler: HotSpot 64-Bit Tiered Compilers
2014-04-15 04:07:59.360+0000 INFO  [o.n.k.i.DiagnosticsManager]: VM Arguments: [-Dfile.encoding=US-ASCII]
2014-04-15 04:07:59.360+0000 INFO  [o.n.k.i.DiagnosticsManager]: Java classpath:
2014-04-15 04:07:59.364+0000 INFO  [o.n.k.i.DiagnosticsManager]:  [bootstrap] /Library/Java/JavaVirtualMachines/jdk1.7.0_40.jdk/Contents/Home/jre/classes
2014-04-15 04:07:59.364+0000 INFO  [o.n.k.i.DiagnosticsManager]:  [bootstrap] /Library/Java/JavaVirtualMachines/jdk1.7.0_40.jdk/Contents/Home/jre/lib/JObjC.jar
2014-04-15 04:07:59.364+0000 INFO  [o.n.k.i.DiagnosticsManager]:  [loader.1] file:/System/Library/Java/Extensions/dns_sd.jar
2014-04-15 04:07:59.364+0000 INFO  [o.n.k.i.DiagnosticsManager]:  [loader.1] file:/System/Library/Java/Extensions/MRJToolkit.jar
2014-04-15 04:07:59.364+0000 INFO  [o.n.k.i.DiagnosticsManager]:  [classpath + loader.0] file:/Users/faizalsheriff/MyPlace/myworkspace/SpringDataNeo/lib/neo4j-jmx-1.9.3.jar
2014-04-15 04:07:59.364+0000 INFO  [o.n.k.i.DiagnosticsManager]:  [loader.1] file:/System/Library/Java/Extensions/vecmath.jar
2014-04-15 04:07:59.364+0000 INFO  [o.n.k.i.DiagnosticsManager]:  [loader.1] file:/System/Library/Java/Extensions/libmlib_jai.jnilib
2014-04-15 04:07:59.364+0000 INFO  [o.n.k.i.DiagnosticsManager]:  [classpath + loader.0] file:/Users/faizalsheriff/MyPlace/myworkspace/SpringDataNeo/lib/neo4j-lucene-index-1.9.3.jar
2014-04-15 04:07:59.364+0000 INFO  [o.n.k.i.DiagnosticsManager]:  [classpath + loader.0] file:/Users/faizalsheriff/MyPlace/myworkspace/SpringDataNeo/lib/spring-core-4.0.3.RELEASE.jar
2014-04-15 04:07:59.365+0000 INFO  [o.n.k.i.DiagnosticsManager]:  [bootstrap] /Library/Java/JavaVirtualMachines/jdk1.7.0_40.jdk/Contents/Home/jre/lib/rt.jar
2014-04-15 04:07:59.365+0000 INFO  [o.n.k.i.DiagnosticsManager]:  [bootstrap] /Library/Java/JavaVirtualMachines/jdk1.7.0_40.jdk/Contents/Home/jre/lib/resources.jar
2014-04-15 04:07:59.365+0000 INFO  [o.n.k.i.DiagnosticsManager]:  [classpath + loader.0] file:/Users/faizalsheriff/MyPlace/myworkspace/SpringDataNeo/lib/validation-api-1.0.0.GA.jar
2014-04-15 04:07:59.365+0000 INFO  [o.n.k.i.DiagnosticsManager]:  [classpath + loader.0] file:/Users/faizalsheriff/MyPlace/myworkspace/SpringDataNeo/lib/concurrentlinkedhashmap-lru-1.3.1.jar
2014-04-15 04:07:59.365+0000 INFO  [o.n.k.i.DiagnosticsManager]:  [classpath + loader.0] file:/Users/faizalsheriff/MyPlace/myworkspace/SpringDataNeo/lib/spring-expression-4.0.3.RELEASE.jar
2014-04-15 04:07:59.365+0000 INFO  [o.n.k.i.DiagnosticsManager]:  [classpath + loader.0] file:/Users/faizalsheriff/MyPlace/myworkspace/SpringDataNeo/lib/spring-aop-4.0.3.RELEASE.jar
2014-04-15 04:07:59.365+0000 INFO  [o.n.k.i.DiagnosticsManager]:  [loader.1] file:/System/Library/Java/Extensions/libJ3D.jnilib
2014-04-15 04:07:59.365+0000 INFO  [o.n.k.i.DiagnosticsManager]:  [loader.1] file:/System/Library/Java/Extensions/mlibwrapper_jai.jar
2014-04-15 04:07:59.365+0000 INFO  [o.n.k.i.DiagnosticsManager]:  [classpath + loader.0] file:/Users/faizalsheriff/MyPlace/myworkspace/SpringDataNeo/lib/spring-boot-starter-1.0.1.RELEASE.jar
2014-04-15 04:07:59.365+0000 INFO  [o.n.k.i.DiagnosticsManager]:  [classpath + loader.0] file:/Users/faizalsheriff/MyPlace/myworkspace/SpringDataNeo/lib/spring-boot-1.0.1.RELEASE.jar
2014-04-15 04:07:59.365+0000 INFO  [o.n.k.i.DiagnosticsManager]:  [loader.1] file:/System/Library/Java/Extensions/QTJava.zip
2014-04-15 04:07:59.365+0000 INFO  [o.n.k.i.DiagnosticsManager]:  [classpath + loader.0] file:/Users/faizalsheriff/MyPlace/myworkspace/SpringDataNeo/lib/neo4j-graph-algo-1.9.3.jar
2014-04-15 04:07:59.366+0000 INFO  [o.n.k.i.DiagnosticsManager]:  [classpath + loader.0] file:/Users/faizalsheriff/MyPlace/myworkspace/SpringDataNeo/lib/logback-classic-1.1.2.jar
2014-04-15 04:07:59.366+0000 INFO  [o.n.k.i.DiagnosticsManager]:  [loader.1] file:/System/Library/Java/Extensions/libJ3DAudio.jnilib
2014-04-15 04:07:59.366+0000 INFO  [o.n.k.i.DiagnosticsManager]:  [loader.1] file:/System/Library/Java/Extensions/libAppleScriptEngine.jnilib
2014-04-15 04:07:59.366+0000 INFO  [o.n.k.i.DiagnosticsManager]:  [classpath + loader.0] file:/Users/faizalsheriff/MyPlace/myworkspace/SpringDataNeo/lib/spring-boot-autoconfigure-1.0.1.RELEASE.jar
2014-04-15 04:07:59.366+0000 INFO  [o.n.k.i.DiagnosticsManager]:  [classpath + loader.0] file:/Users/faizalsheriff/MyPlace/myworkspace/SpringDataNeo/lib/spring-data-commons-1.6.2.RELEASE.jar
2014-04-15 04:07:59.366+0000 INFO  [o.n.k.i.DiagnosticsManager]:  [loader.1] file:/System/Library/Java/Extensions/j3daudio.jar
2014-04-15 04:07:59.366+0000 INFO  [o.n.k.i.DiagnosticsManager]:  [loader.1] file:/System/Library/Java/Extensions/libJ3DUtils.jnilib
2014-04-15 04:07:59.366+0000 INFO  [o.n.k.i.DiagnosticsManager]:  [classpath + loader.0] file:/Users/faizalsheriff/MyPlace/myworkspace/SpringDataNeo/lib/geronimo-jta_1.1_spec-1.1.1.jar
2014-04-15 04:07:59.366+0000 INFO  [o.n.k.i.DiagnosticsManager]:  [loader.1] file:/Library/Java/JavaVirtualMachines/jdk1.7.0_40.jdk/Contents/Home/jre/lib/ext/sunjce_provider.jar
2014-04-15 04:07:59.366+0000 INFO  [o.n.k.i.DiagnosticsManager]:  [loader.1] file:/System/Library/Java/Extensions/libQTJNative.jnilib
2014-04-15 04:07:59.366+0000 INFO  [o.n.k.i.DiagnosticsManager]:  [classpath + loader.0] file:/Users/faizalsheriff/MyPlace/myworkspace/SpringDataNeo/lib/neo4j-udc-1.9.3.jar
2014-04-15 04:07:59.366+0000 INFO  [o.n.k.i.DiagnosticsManager]:  [loader.1] file:/System/Library/Java/Extensions/j3dcore.jar
2014-04-15 04:07:59.366+0000 INFO  [o.n.k.i.DiagnosticsManager]:  [bootstrap] /Library/Java/JavaVirtualMachines/jdk1.7.0_40.jdk/Contents/Home/jre/lib/jfr.jar
2014-04-15 04:07:59.366+0000 INFO  [o.n.k.i.DiagnosticsManager]:  [classpath + loader.0] file:/Users/faizalsheriff/MyPlace/myworkspace/SpringDataNeo/lib/neo4j-graph-matching-1.9.3.jar
2014-04-15 04:07:59.366+0000 INFO  [o.n.k.i.DiagnosticsManager]:  [classpath + loader.0] file:/Users/faizalsheriff/MyPlace/myworkspace/SpringDataNeo/lib/lucene-core-3.6.2.jar
2014-04-15 04:07:59.366+0000 INFO  [o.n.k.i.DiagnosticsManager]:  [loader.1] file:/usr/lib/java/libjdns_sd.jnilib
2014-04-15 04:07:59.366+0000 INFO  [o.n.k.i.DiagnosticsManager]:  [bootstrap] /Library/Java/JavaVirtualMachines/jdk1.7.0_40.jdk/Contents/Home/jre/lib/jce.jar
2014-04-15 04:07:59.367+0000 INFO  [o.n.k.i.DiagnosticsManager]:  [loader.1] file:/System/Library/Java/Extensions/j3dutils.jar
2014-04-15 04:07:59.367+0000 INFO  [o.n.k.i.DiagnosticsManager]:  [loader.1] file:/System/Library/Java/Extensions/jai_core.jar
2014-04-15 04:07:59.367+0000 INFO  [o.n.k.i.DiagnosticsManager]:  [classpath + loader.0] file:/Users/faizalsheriff/MyPlace/myworkspace/SpringDataNeo/lib/neo4j-1.9.3.jar
2014-04-15 04:07:59.367+0000 INFO  [o.n.k.i.DiagnosticsManager]:  [bootstrap] /Library/Java/JavaVirtualMachines/jdk1.7.0_40.jdk/Contents/Home/jre/lib/jsse.jar
2014-04-15 04:07:59.367+0000 INFO  [o.n.k.i.DiagnosticsManager]:  [classpath + loader.0] file:/Users/faizalsheriff/MyPlace/myworkspace/SpringDataNeo/bin/
2014-04-15 04:07:59.367+0000 INFO  [o.n.k.i.DiagnosticsManager]:  [bootstrap] /Library/Java/JavaVirtualMachines/jdk1.7.0_40.jdk/Contents/Home/jre/lib/sunrsasign.jar
2014-04-15 04:07:59.367+0000 INFO  [o.n.k.i.DiagnosticsManager]:  [classpath + loader.0] file:/Users/faizalsheriff/MyPlace/myworkspace/SpringDataNeo/lib/jul-to-slf4j-1.7.6.jar
2014-04-15 04:07:59.367+0000 INFO  [o.n.k.i.DiagnosticsManager]:  [loader.1] file:/System/Library/Java/Extensions/jai_codec.jar
2014-04-15 04:07:59.367+0000 INFO  [o.n.k.i.DiagnosticsManager]:  [bootstrap] /Library/Java/JavaVirtualMachines/jdk1.7.0_40.jdk/Contents/Home/jre/lib/charsets.jar
2014-04-15 04:07:59.367+0000 INFO  [o.n.k.i.DiagnosticsManager]:  [classpath + loader.0] file:/Users/faizalsheriff/MyPlace/myworkspace/SpringDataNeo/lib/scala-library-2.10.0.jar
2014-04-15 04:07:59.367+0000 INFO  [o.n.k.i.DiagnosticsManager]:  [classpath + loader.0] file:/Users/faizalsheriff/MyPlace/myworkspace/SpringDataNeo/lib/aspectjrt-1.7.4.jar
2014-04-15 04:07:59.367+0000 INFO  [o.n.k.i.DiagnosticsManager]:  [loader.1] file:/Library/Java/JavaVirtualMachines/jdk1.7.0_40.jdk/Contents/Home/jre/lib/ext/localedata.jar
2014-04-15 04:07:59.367+0000 INFO  [o.n.k.i.DiagnosticsManager]:  [classpath + loader.0] file:/Users/faizalsheriff/MyPlace/myworkspace/SpringDataNeo/lib/snakeyaml-1.13.jar
2014-04-15 04:07:59.367+0000 INFO  [o.n.k.i.DiagnosticsManager]:  [loader.1] file:/Library/Java/JavaVirtualMachines/jdk1.7.0_40.jdk/Contents/Home/jre/lib/ext/sunpkcs11.jar
2014-04-15 04:07:59.367+0000 INFO  [o.n.k.i.DiagnosticsManager]:  [classpath + loader.0] file:/Users/faizalsheriff/MyPlace/myworkspace/SpringDataNeo/lib/neo4j-cypher-dsl-1.9.jar
2014-04-15 04:07:59.367+0000 INFO  [o.n.k.i.DiagnosticsManager]:  [classpath + loader.0] file:/Users/faizalsheriff/MyPlace/myworkspace/SpringDataNeo/lib/slf4j-api-1.7.6.jar
2014-04-15 04:07:59.368+0000 INFO  [o.n.k.i.DiagnosticsManager]:  [classpath + loader.0] file:/Users/faizalsheriff/MyPlace/myworkspace/SpringDataNeo/lib/spring-boot-starter-logging-1.0.1.RELEASE.jar
2014-04-15 04:07:59.368+0000 INFO  [o.n.k.i.DiagnosticsManager]:  [classpath + loader.0] file:/Users/faizalsheriff/MyPlace/myworkspace/SpringDataNeo/lib/neo4j-kernel-1.9.3.jar
2014-04-15 04:07:59.368+0000 INFO  [o.n.k.i.DiagnosticsManager]:  [classpath + loader.0] file:/Users/faizalsheriff/MyPlace/myworkspace/SpringDataNeo/lib/aopalliance-1.0.jar
2014-04-15 04:07:59.368+0000 INFO  [o.n.k.i.DiagnosticsManager]:  [classpath + loader.0] file:/Users/faizalsheriff/MyPlace/myworkspace/SpringDataNeo/lib/spring-context-4.0.3.RELEASE.jar
2014-04-15 04:07:59.368+0000 INFO  [o.n.k.i.DiagnosticsManager]:  [classpath + loader.0] file:/Users/faizalsheriff/MyPlace/myworkspace/SpringDataNeo/lib/spring-tx-4.0.3.RELEASE.jar
2014-04-15 04:07:59.368+0000 INFO  [o.n.k.i.DiagnosticsManager]:  [classpath + loader.0] file:/Users/faizalsheriff/MyPlace/myworkspace/SpringDataNeo/lib/jcl-over-slf4j-1.7.6.jar
2014-04-15 04:07:59.368+0000 INFO  [o.n.k.i.DiagnosticsManager]:  [loader.1] file:/Library/Java/JavaVirtualMachines/jdk1.7.0_40.jdk/Contents/Home/jre/lib/ext/zipfs.jar
2014-04-15 04:07:59.368+0000 INFO  [o.n.k.i.DiagnosticsManager]:  [classpath + loader.0] file:/Users/faizalsheriff/MyPlace/myworkspace/SpringDataNeo/lib/neo4j-cypher-1.9.3.jar
2014-04-15 04:07:59.368+0000 INFO  [o.n.k.i.DiagnosticsManager]:  [classpath + loader.0] file:/Users/faizalsheriff/MyPlace/myworkspace/SpringDataNeo/lib/spring-data-neo4j-2.3.2.RELEASE.jar
2014-04-15 04:07:59.368+0000 INFO  [o.n.k.i.DiagnosticsManager]:  [loader.1] file:/System/Library/Java/Extensions/AppleScriptEngine.jar
2014-04-15 04:07:59.368+0000 INFO  [o.n.k.i.DiagnosticsManager]:  [classpath + loader.0] file:/Users/faizalsheriff/MyPlace/myworkspace/SpringDataNeo/lib/logback-core-1.1.2.jar
2014-04-15 04:07:59.368+0000 INFO  [o.n.k.i.DiagnosticsManager]:  [loader.1] file:/Library/Java/JavaVirtualMachines/jdk1.7.0_40.jdk/Contents/Home/jre/lib/ext/dnsns.jar
2014-04-15 04:07:59.368+0000 INFO  [o.n.k.i.DiagnosticsManager]:  [loader.1] file:/Library/Java/JavaVirtualMachines/jdk1.7.0_40.jdk/Contents/Home/jre/lib/ext/sunec.jar
2014-04-15 04:07:59.368+0000 INFO  [o.n.k.i.DiagnosticsManager]:  [classpath + loader.0] file:/Users/faizalsheriff/MyPlace/myworkspace/SpringDataNeo/lib/spring-beans-4.0.3.RELEASE.jar
2014-04-15 04:07:59.368+0000 INFO  [o.n.k.i.DiagnosticsManager]:  [classpath + loader.0] file:/Users/faizalsheriff/MyPlace/myworkspace/SpringDataNeo/lib/log4j-over-slf4j-1.7.6.jar
2014-04-15 04:07:59.368+0000 INFO  [o.n.k.i.DiagnosticsManager]: Library path:
2014-04-15 04:07:59.369+0000 INFO  [o.n.k.i.DiagnosticsManager]: /Users/faizalsheriff/Library/Java/Extensions
2014-04-15 04:07:59.369+0000 INFO  [o.n.k.i.DiagnosticsManager]: /Library/Java/Extensions
2014-04-15 04:07:59.369+0000 INFO  [o.n.k.i.DiagnosticsManager]: /Network/Library/Java/Extensions
2014-04-15 04:07:59.369+0000 INFO  [o.n.k.i.DiagnosticsManager]: /System/Library/Java/Extensions
2014-04-15 04:07:59.369+0000 INFO  [o.n.k.i.DiagnosticsManager]: /usr/lib/java
2014-04-15 04:07:59.369+0000 INFO  [o.n.k.i.DiagnosticsManager]: /Users/faizalsheriff/MyPlace/myworkspace/SpringDataNeo
2014-04-15 04:07:59.369+0000 INFO  [o.n.k.i.DiagnosticsManager]: System.properties:
2014-04-15 04:07:59.370+0000 INFO  [o.n.k.i.DiagnosticsManager]: sun.boot.library.path = /Library/Java/JavaVirtualMachines/jdk1.7.0_40.jdk/Contents/Home/jre/lib
2014-04-15 04:07:59.370+0000 INFO  [o.n.k.i.DiagnosticsManager]: gopherProxySet = false
2014-04-15 04:07:59.370+0000 INFO  [o.n.k.i.DiagnosticsManager]: path.separator = :
2014-04-15 04:07:59.370+0000 INFO  [o.n.k.i.DiagnosticsManager]: file.encoding.pkg = sun.io
2014-04-15 04:07:59.370+0000 INFO  [o.n.k.i.DiagnosticsManager]: user.country = US
2014-04-15 04:07:59.370+0000 INFO  [o.n.k.i.DiagnosticsManager]: sun.java.launcher = SUN_STANDARD
2014-04-15 04:07:59.370+0000 INFO  [o.n.k.i.DiagnosticsManager]: sun.os.patch.level = unknown
2014-04-15 04:07:59.370+0000 INFO  [o.n.k.i.DiagnosticsManager]: PID = 9210
2014-04-15 04:07:59.370+0000 INFO  [o.n.k.i.DiagnosticsManager]: user.dir = /Users/faizalsheriff/MyPlace/myworkspace/SpringDataNeo
2014-04-15 04:07:59.370+0000 INFO  [o.n.k.i.DiagnosticsManager]: sun.jnu.encoding = UTF-8
2014-04-15 04:07:59.370+0000 INFO  [o.n.k.i.DiagnosticsManager]: sun.management.compiler = HotSpot 64-Bit Tiered Compilers
2014-04-15 04:07:59.370+0000 INFO  [o.n.k.i.DiagnosticsManager]: http.nonProxyHosts = local|*.local|169.254/16|*.169.254/16
2014-04-15 04:07:59.370+0000 INFO  [o.n.k.i.DiagnosticsManager]: user.home = /Users/faizalsheriff
2014-04-15 04:07:59.370+0000 INFO  [o.n.k.i.DiagnosticsManager]: user.timezone = America/Chicago
2014-04-15 04:07:59.370+0000 INFO  [o.n.k.i.DiagnosticsManager]: file.encoding = US-ASCII
2014-04-15 04:07:59.370+0000 INFO  [o.n.k.i.DiagnosticsManager]: user.name = faizalsheriff
2014-04-15 04:07:59.370+0000 INFO  [o.n.k.i.DiagnosticsManager]: sun.java.command = hello.Application
2014-04-15 04:07:59.370+0000 INFO  [o.n.k.i.DiagnosticsManager]: sun.arch.data.model = 64
2014-04-15 04:07:59.370+0000 INFO  [o.n.k.i.DiagnosticsManager]: user.language = en
2014-04-15 04:07:59.371+0000 INFO  [o.n.k.i.DiagnosticsManager]: awt.toolkit = sun.lwawt.macosx.LWCToolkit
2014-04-15 04:07:59.371+0000 INFO  [o.n.k.i.DiagnosticsManager]: file.separator = /
2014-04-15 04:07:59.371+0000 INFO  [o.n.k.i.DiagnosticsManager]: sun.io.unicode.encoding = UnicodeBig
2014-04-15 04:07:59.371+0000 INFO  [o.n.k.i.DiagnosticsManager]: sun.cpu.endian = little
2014-04-15 04:07:59.371+0000 INFO  [o.n.k.i.DiagnosticsManager]: socksNonProxyHosts = local|*.local|169.254/16|*.169.254/16
2014-04-15 04:07:59.371+0000 INFO  [o.n.k.i.DiagnosticsManager]: ftp.nonProxyHosts = local|*.local|169.254/16|*.169.254/16
2014-04-15 04:07:59.371+0000 INFO  [o.n.k.i.DiagnosticsManager]: sun.cpu.isalist = 
2014-04-15 04:07:59.371+0000 INFO  [o.n.k.i.DiagnosticsManager]: Network information:
2014-04-15 04:07:59.373+0000 INFO  [o.n.k.i.DiagnosticsManager]: Interface en0:
2014-04-15 04:07:59.374+0000 INFO  [o.n.k.i.DiagnosticsManager]:     address: fe80:0:0:0:5626:96ff:fed5:4aa3%4
2014-04-15 04:07:59.374+0000 INFO  [o.n.k.i.DiagnosticsManager]:     address: 192.168.1.3
2014-04-15 04:07:59.374+0000 INFO  [o.n.k.i.DiagnosticsManager]: Interface lo0:
2014-04-15 04:07:59.374+0000 INFO  [o.n.k.i.DiagnosticsManager]:     address: fe80:0:0:0:0:0:0:1%1
2014-04-15 04:07:59.374+0000 INFO  [o.n.k.i.DiagnosticsManager]:     address: 0:0:0:0:0:0:0:1
2014-04-15 04:07:59.374+0000 INFO  [o.n.k.i.DiagnosticsManager]:     address: 127.0.0.1
2014-04-15 04:07:59.374+0000 INFO  [o.n.k.i.DiagnosticsManager]: --- INITIALIZED diagnostics END ---
2014-04-15 04:07:59.510+0000 INFO  [o.n.k.i.n.s.StoreFactory]: Creating new db @ accessingdataneo4j.db/neostore
2014-04-15 04:07:59.542+0000 INFO  [o.n.k.i.n.s.StoreFactory]: [accessingdataneo4j.db/neostore.nodestore.db] brickCount=0 brickSize=1929375b mappedMem=192937984b (storeSize=0b)
2014-04-15 04:07:59.549+0000 INFO  [o.n.k.i.n.s.StoreFactory]: accessingdataneo4j.db/neostore.nodestore.db hit=1 miss=0 switches=0 ooe=0
2014-04-15 04:07:59.565+0000 INFO  [o.n.k.i.n.s.StoreFactory]: [accessingdataneo4j.db/neostore.relationshiptypestore.db.names] brickCount=0 brickSize=0b mappedMem=0b (storeSize=38b)
2014-04-15 04:07:59.571+0000 INFO  [o.n.k.i.n.s.StoreFactory]: [accessingdataneo4j.db/neostore.relationshiptypestore.db] brickCount=0 brickSize=0b mappedMem=0b (storeSize=0b)
2014-04-15 04:07:59.571+0000 INFO  [o.n.k.i.n.s.StoreFactory]: accessingdataneo4j.db/neostore.relationshiptypestore.db.names hit=0 miss=0 switches=0 ooe=0
2014-04-15 04:07:59.572+0000 INFO  [o.n.k.i.n.s.StoreFactory]: accessingdataneo4j.db/neostore.relationshiptypestore.db hit=0 miss=0 switches=0 ooe=0
2014-04-15 04:07:59.573+0000 INFO  [o.n.k.i.n.s.StoreFactory]: [accessingdataneo4j.db/neostore.relationshiptypestore.db.names] brickCount=0 brickSize=0b mappedMem=0b (storeSize=38b)
2014-04-15 04:07:59.574+0000 INFO  [o.n.k.i.n.s.StoreFactory]: [accessingdataneo4j.db/neostore.relationshiptypestore.db] brickCount=0 brickSize=0b mappedMem=0b (storeSize=0b)
2014-04-15 04:07:59.574+0000 INFO  [o.n.k.i.n.s.StoreFactory]: [accessingdataneo4j.db/neostore.propertystore.db.strings] brickCount=0 brickSize=590336b mappedMem=590348288b (storeSize=128b)
2014-04-15 04:07:59.575+0000 INFO  [o.n.k.i.n.s.StoreFactory]: [accessingdataneo4j.db/neostore.propertystore.db.index.keys] brickCount=0 brickSize=0b mappedMem=0b (storeSize=38b)
2014-04-15 04:07:59.576+0000 INFO  [o.n.k.i.n.s.StoreFactory]: [accessingdataneo4j.db/neostore.propertystore.db.index] brickCount=0 brickSize=0b mappedMem=0b (storeSize=0b)
2014-04-15 04:07:59.578+0000 INFO  [o.n.k.i.n.s.StoreFactory]: [accessingdataneo4j.db/neostore.propertystore.db.arrays] brickCount=0 brickSize=669952b mappedMem=670040064b (storeSize=128b)
2014-04-15 04:07:59.582+0000 INFO  [o.n.k.i.n.s.StoreFactory]: [accessingdataneo4j.db/neostore.propertystore.db] brickCount=0 brickSize=6952042b mappedMem=695205888b (storeSize=0b)
2014-04-15 04:07:59.586+0000 INFO  [o.n.k.i.n.s.StoreFactory]: [accessingdataneo4j.db/neostore.relationshipstore.db] brickCount=0 brickSize=8514429b mappedMem=851443712b (storeSize=0b)
2014-04-15 04:07:59.586+0000 INFO  [o.n.k.i.n.s.StoreFactory]: [accessingdataneo4j.db/neostore.nodestore.db] brickCount=0 brickSize=192933b mappedMem=192937984b (storeSize=9b)
2014-04-15 04:07:59.588+0000 INFO  [o.n.k.i.n.s.StoreFactory]: [accessingdataneo4j.db/neostore] brickCount=0 brickSize=0b mappedMem=0b (storeSize=0b)
2014-04-15 04:07:59.593+0000 INFO  [o.n.k.i.n.s.StoreFactory]: accessingdataneo4j.db/neostore.relationshiptypestore.db.names hit=0 miss=0 switches=0 ooe=0
2014-04-15 04:07:59.594+0000 INFO  [o.n.k.i.n.s.StoreFactory]: accessingdataneo4j.db/neostore.relationshiptypestore.db hit=0 miss=0 switches=0 ooe=0
2014-04-15 04:07:59.594+0000 INFO  [o.n.k.i.n.s.StoreFactory]: accessingdataneo4j.db/neostore.propertystore.db.strings hit=0 miss=0 switches=0 ooe=0
2014-04-15 04:07:59.595+0000 INFO  [o.n.k.i.n.s.StoreFactory]: accessingdataneo4j.db/neostore.propertystore.db.index.keys hit=0 miss=0 switches=0 ooe=0
2014-04-15 04:07:59.597+0000 INFO  [o.n.k.i.n.s.StoreFactory]: accessingdataneo4j.db/neostore.propertystore.db.index hit=0 miss=0 switches=0 ooe=0
2014-04-15 04:07:59.598+0000 INFO  [o.n.k.i.n.s.StoreFactory]: accessingdataneo4j.db/neostore.propertystore.db.arrays hit=0 miss=0 switches=0 ooe=0
2014-04-15 04:07:59.599+0000 INFO  [o.n.k.i.n.s.StoreFactory]: accessingdataneo4j.db/neostore.propertystore.db hit=0 miss=0 switches=0 ooe=0
2014-04-15 04:07:59.599+0000 INFO  [o.n.k.i.n.s.StoreFactory]: accessingdataneo4j.db/neostore.relationshipstore.db hit=0 miss=0 switches=0 ooe=0
2014-04-15 04:07:59.600+0000 INFO  [o.n.k.i.n.s.StoreFactory]: accessingdataneo4j.db/neostore.nodestore.db hit=0 miss=0 switches=0 ooe=0
2014-04-15 04:07:59.601+0000 INFO  [o.n.k.i.n.s.StoreFactory]: accessingdataneo4j.db/neostore hit=0 miss=8 switches=0 ooe=0
2014-04-15 04:07:59.607+0000 INFO  [o.n.k.i.n.s.StoreFactory]: [accessingdataneo4j.db/neostore.relationshiptypestore.db.names] brickCount=0 brickSize=0b mappedMem=0b (storeSize=38b)
2014-04-15 04:07:59.608+0000 INFO  [o.n.k.i.n.s.StoreFactory]: [accessingdataneo4j.db/neostore.relationshiptypestore.db] brickCount=0 brickSize=0b mappedMem=0b (storeSize=0b)
2014-04-15 04:07:59.608+0000 INFO  [o.n.k.i.n.s.StoreFactory]: [accessingdataneo4j.db/neostore.propertystore.db.strings] brickCount=0 brickSize=590336b mappedMem=590348288b (storeSize=128b)
2014-04-15 04:07:59.608+0000 INFO  [o.n.k.i.n.s.StoreFactory]: [accessingdataneo4j.db/neostore.propertystore.db.index.keys] brickCount=0 brickSize=0b mappedMem=0b (storeSize=38b)
2014-04-15 04:07:59.609+0000 INFO  [o.n.k.i.n.s.StoreFactory]: [accessingdataneo4j.db/neostore.propertystore.db.index] brickCount=0 brickSize=0b mappedMem=0b (storeSize=0b)
2014-04-15 04:07:59.609+0000 INFO  [o.n.k.i.n.s.StoreFactory]: [accessingdataneo4j.db/neostore.propertystore.db.arrays] brickCount=0 brickSize=669952b mappedMem=670040064b (storeSize=128b)
2014-04-15 04:07:59.610+0000 INFO  [o.n.k.i.n.s.StoreFactory]: [accessingdataneo4j.db/neostore.propertystore.db] brickCount=0 brickSize=6952042b mappedMem=695205888b (storeSize=0b)
2014-04-15 04:07:59.610+0000 INFO  [o.n.k.i.n.s.StoreFactory]: [accessingdataneo4j.db/neostore.relationshipstore.db] brickCount=0 brickSize=8514429b mappedMem=851443712b (storeSize=0b)
2014-04-15 04:07:59.610+0000 INFO  [o.n.k.i.n.s.StoreFactory]: [accessingdataneo4j.db/neostore.nodestore.db] brickCount=0 brickSize=192933b mappedMem=192937984b (storeSize=9b)
2014-04-15 04:07:59.611+0000 INFO  [o.n.k.i.n.s.StoreFactory]: [accessingdataneo4j.db/neostore] brickCount=0 brickSize=0b mappedMem=0b (storeSize=54b)
2014-04-15 04:07:59.644+0000 INFO  [o.n.k.i.t.x.XaLogicalLog]: Opened logical log [accessingdataneo4j.db/nioneo_logical.log.1] version=0, lastTxId=1 (clean)
2014-04-15 04:07:59.662+0000 INFO  [o.n.k.i.t.TxManager]: TM new log: tm_tx_log.1
2014-04-15 04:07:59.772+0000 INFO  [o.n.k.i.t.x.XaLogicalLog]: Opened logical log [accessingdataneo4j.db/index/lucene.log.1] version=0, lastTxId=1 (clean)
2014-04-15 04:07:59.780+0000 INFO  [o.n.k.i.DiagnosticsManager]: --- STARTED diagnostics for KernelDiagnostics:Versions START ---
2014-04-15 04:07:59.780+0000 INFO  [o.n.k.i.DiagnosticsManager]: Graph Database: org.neo4j.kernel.EmbeddedGraphDatabase StoreId[time:1397534879511, id:-23207150033402731, store version: 13561656364791302]
2014-04-15 04:07:59.780+0000 INFO  [o.n.k.i.DiagnosticsManager]: Kernel version: Neo4j - Graph Database Kernel 1.9.3
2014-04-15 04:07:59.780+0000 INFO  [o.n.k.i.DiagnosticsManager]: Neo4j component versions:
2014-04-15 04:07:59.782+0000 INFO  [o.n.k.i.DiagnosticsManager]:   Neo4j - Graph Database Kernel 1.9.3
2014-04-15 04:07:59.783+0000 INFO  [o.n.k.i.DiagnosticsManager]: --- STARTED diagnostics for KernelDiagnostics:Versions END ---
2014-04-15 04:07:59.788+0000 INFO  [o.n.k.i.DiagnosticsManager]: --- STARTED diagnostics for NEO_STORE_VERSIONS START ---
2014-04-15 04:07:59.789+0000 INFO  [o.n.k.i.DiagnosticsManager]: Store versions:
2014-04-15 04:07:59.789+0000 INFO  [o.n.k.i.DiagnosticsManager]: Store versions:
2014-04-15 04:07:59.789+0000 INFO  [o.n.k.i.DiagnosticsManager]:   NeoStore v0.A.0
2014-04-15 04:07:59.789+0000 INFO  [o.n.k.i.DiagnosticsManager]:   NodeStore v0.A.0
2014-04-15 04:07:59.789+0000 INFO  [o.n.k.i.DiagnosticsManager]:   RelationshipStore v0.A.0
2014-04-15 04:07:59.789+0000 INFO  [o.n.k.i.DiagnosticsManager]:   RelationshipTypeStore v0.A.0
2014-04-15 04:07:59.789+0000 INFO  [o.n.k.i.DiagnosticsManager]:   PropertyStore v0.A.0
2014-04-15 04:07:59.789+0000 INFO  [o.n.k.i.DiagnosticsManager]:   PropertyIndexStore v0.A.0
2014-04-15 04:07:59.789+0000 INFO  [o.n.k.i.DiagnosticsManager]:   StringPropertyStore v0.A.0
2014-04-15 04:07:59.789+0000 INFO  [o.n.k.i.DiagnosticsManager]:   ArrayPropertyStore v0.A.0
2014-04-15 04:07:59.789+0000 INFO  [o.n.k.i.DiagnosticsManager]: --- STARTED diagnostics for NEO_STORE_VERSIONS END ---
2014-04-15 04:07:59.789+0000 INFO  [o.n.k.i.DiagnosticsManager]: --- STARTED diagnostics for NEO_STORE_ID_USAGE START ---
2014-04-15 04:07:59.790+0000 INFO  [o.n.k.i.DiagnosticsManager]: Id usage:
2014-04-15 04:07:59.790+0000 INFO  [o.n.k.i.DiagnosticsManager]: Id usage:
2014-04-15 04:07:59.790+0000 INFO  [o.n.k.i.DiagnosticsManager]:   NodeStore: used=1 high=0
2014-04-15 04:07:59.790+0000 INFO  [o.n.k.i.DiagnosticsManager]:   RelationshipStore: used=0 high=-1
2014-04-15 04:07:59.790+0000 INFO  [o.n.k.i.DiagnosticsManager]:   RelationshipTypeStore: used=0 high=-1
2014-04-15 04:07:59.790+0000 INFO  [o.n.k.i.DiagnosticsManager]:   PropertyStore: used=0 high=-1
2014-04-15 04:07:59.790+0000 INFO  [o.n.k.i.DiagnosticsManager]:   PropertyIndexStore: used=0 high=-1
2014-04-15 04:07:59.790+0000 INFO  [o.n.k.i.DiagnosticsManager]:   StringPropertyStore: used=1 high=0
2014-04-15 04:07:59.790+0000 INFO  [o.n.k.i.DiagnosticsManager]:   ArrayPropertyStore: used=1 high=0
2014-04-15 04:07:59.790+0000 INFO  [o.n.k.i.DiagnosticsManager]: --- STARTED diagnostics for NEO_STORE_ID_USAGE END ---
2014-04-15 04:07:59.790+0000 INFO  [o.n.k.i.DiagnosticsManager]: --- STARTED diagnostics for PERSISTENCE_WINDOW_POOL_STATS START ---
2014-04-15 04:07:59.790+0000 INFO  [o.n.k.i.DiagnosticsManager]: --- STARTED diagnostics for PERSISTENCE_WINDOW_POOL_STATS END ---
2014-04-15 04:07:59.791+0000 INFO  [o.n.k.i.DiagnosticsManager]: --- STARTED diagnostics for KernelDiagnostics:StoreFiles START ---
2014-04-15 04:07:59.791+0000 INFO  [o.n.k.i.DiagnosticsManager]: Disk space on partition (Total / Free / Free %): 250140434432 / 210571313152 / 84
Storage files: (filename : modification date - size)
2014-04-15 04:07:59.792+0000 INFO  [o.n.k.i.DiagnosticsManager]:   active_tx_log: 2014-04-14T23:07:59-0500 - 11.00 B
2014-04-15 04:07:59.792+0000 INFO  [o.n.k.i.DiagnosticsManager]:   index:
2014-04-15 04:07:59.792+0000 INFO  [o.n.k.i.DiagnosticsManager]:     lucene-store.db: 2014-04-14T23:07:59-0500 - 40.00 B
2014-04-15 04:07:59.793+0000 INFO  [o.n.k.i.DiagnosticsManager]:     lucene.log.1: 2014-04-14T23:07:59-0500 - 16.00 B
2014-04-15 04:07:59.793+0000 INFO  [o.n.k.i.DiagnosticsManager]:     lucene.log.active: 2014-04-14T23:07:59-0500 - 4.00 B
2014-04-15 04:07:59.793+0000 INFO  [o.n.k.i.DiagnosticsManager]:   - Total: 2014-04-14T23:07:59-0500 - 60.00 B
2014-04-15 04:07:59.793+0000 INFO  [o.n.k.i.DiagnosticsManager]:   lock: 2014-04-14T23:07:59-0500 - 0.00 B
2014-04-15 04:07:59.793+0000 INFO  [o.n.k.i.DiagnosticsManager]:   messages.log: 2014-04-14T23:07:59-0500 - 30.82 kB
2014-04-15 04:07:59.794+0000 INFO  [o.n.k.i.DiagnosticsManager]:   neostore: 2014-04-14T23:07:59-0500 - 54.00 B
2014-04-15 04:07:59.794+0000 INFO  [o.n.k.i.DiagnosticsManager]:   neostore.id: 2014-04-14T23:07:59-0500 - 9.00 B
2014-04-15 04:07:59.794+0000 INFO  [o.n.k.i.DiagnosticsManager]:   neostore.nodestore.db: 2014-04-14T23:07:59-0500 - 9.00 B
2014-04-15 04:07:59.794+0000 INFO  [o.n.k.i.DiagnosticsManager]:   neostore.nodestore.db.id: 2014-04-14T23:07:59-0500 - 9.00 B
2014-04-15 04:07:59.794+0000 INFO  [o.n.k.i.DiagnosticsManager]:   neostore.propertystore.db: 2014-04-14T23:07:59-0500 - 0.00 B
2014-04-15 04:07:59.795+0000 INFO  [o.n.k.i.DiagnosticsManager]:   neostore.propertystore.db.arrays: 2014-04-14T23:07:59-0500 - 128.00 B
2014-04-15 04:07:59.795+0000 INFO  [o.n.k.i.DiagnosticsManager]:   neostore.propertystore.db.arrays.id: 2014-04-14T23:07:59-0500 - 9.00 B
2014-04-15 04:07:59.795+0000 INFO  [o.n.k.i.DiagnosticsManager]:   neostore.propertystore.db.id: 2014-04-14T23:07:59-0500 - 9.00 B
2014-04-15 04:07:59.795+0000 INFO  [o.n.k.i.DiagnosticsManager]:   neostore.propertystore.db.index: 2014-04-14T23:07:59-0500 - 0.00 B
2014-04-15 04:07:59.796+0000 INFO  [o.n.k.i.DiagnosticsManager]:   neostore.propertystore.db.index.id: 2014-04-14T23:07:59-0500 - 9.00 B
2014-04-15 04:07:59.796+0000 INFO  [o.n.k.i.DiagnosticsManager]:   neostore.propertystore.db.index.keys: 2014-04-14T23:07:59-0500 - 38.00 B
2014-04-15 04:07:59.796+0000 INFO  [o.n.k.i.DiagnosticsManager]:   neostore.propertystore.db.index.keys.id: 2014-04-14T23:07:59-0500 - 9.00 B
2014-04-15 04:07:59.796+0000 INFO  [o.n.k.i.DiagnosticsManager]:   neostore.propertystore.db.strings: 2014-04-14T23:07:59-0500 - 128.00 B
2014-04-15 04:07:59.797+0000 INFO  [o.n.k.i.DiagnosticsManager]:   neostore.propertystore.db.strings.id: 2014-04-14T23:07:59-0500 - 9.00 B
2014-04-15 04:07:59.797+0000 INFO  [o.n.k.i.DiagnosticsManager]:   neostore.relationshipstore.db: 2014-04-14T23:07:59-0500 - 0.00 B
2014-04-15 04:07:59.797+0000 INFO  [o.n.k.i.DiagnosticsManager]:   neostore.relationshipstore.db.id: 2014-04-14T23:07:59-0500 - 9.00 B
2014-04-15 04:07:59.797+0000 INFO  [o.n.k.i.DiagnosticsManager]:   neostore.relationshiptypestore.db: 2014-04-14T23:07:59-0500 - 0.00 B
2014-04-15 04:07:59.797+0000 INFO  [o.n.k.i.DiagnosticsManager]:   neostore.relationshiptypestore.db.id: 2014-04-14T23:07:59-0500 - 9.00 B
2014-04-15 04:07:59.798+0000 INFO  [o.n.k.i.DiagnosticsManager]:   neostore.relationshiptypestore.db.names: 2014-04-14T23:07:59-0500 - 38.00 B
2014-04-15 04:07:59.798+0000 INFO  [o.n.k.i.DiagnosticsManager]:   neostore.relationshiptypestore.db.names.id: 2014-04-14T23:07:59-0500 - 9.00 B
2014-04-15 04:07:59.798+0000 INFO  [o.n.k.i.DiagnosticsManager]:   nioneo_logical.log.1: 2014-04-14T23:07:59-0500 - 16.00 B
2014-04-15 04:07:59.798+0000 INFO  [o.n.k.i.DiagnosticsManager]:   nioneo_logical.log.active: 2014-04-14T23:07:59-0500 - 4.00 B
2014-04-15 04:07:59.799+0000 INFO  [o.n.k.i.DiagnosticsManager]:   store_lock: 2014-04-14T23:07:59-0500 - 0.00 B
2014-04-15 04:07:59.799+0000 INFO  [o.n.k.i.DiagnosticsManager]:   tm_tx_log.1: 2014-04-14T23:07:59-0500 - 0.00 B
2014-04-15 04:07:59.799+0000 INFO  [o.n.k.i.DiagnosticsManager]: --- STARTED diagnostics for KernelDiagnostics:StoreFiles END ---
2014-04-15 04:07:59.805+0000 INFO  [o.n.k.EmbeddedGraphDatabase]: Started - database is now available
2014-04-15 04:07:59.805+0000 INFO  [o.n.k.EmbeddedGraphDatabase]: GC Monitor started. 
2014-04-15 04:08:03.714+0000 INFO  [o.n.k.EmbeddedGraphDatabase]: Shutdown started
2014-04-15 04:08:03.714+0000 INFO  [o.n.k.EmbeddedGraphDatabase]: Stopping - database is now unavailable
2014-04-15 04:08:03.715+0000 INFO  [o.n.k.EmbeddedGraphDatabase]: GC Monitor stopped. 
2014-04-15 04:08:03.737+0000 INFO  [o.n.k.i.t.x.XaLogicalLog]: Closed log accessingdataneo4j.db/index/lucene.log
2014-04-15 04:08:03.748+0000 INFO  [o.n.k.i.t.TxManager]: TM shutting down
2014-04-15 04:08:03.751+0000 INFO  [o.n.k.i.t.x.XaLogicalLog]: Closed log accessingdataneo4j.db/nioneo_logical.log
2014-04-15 04:08:03.752+0000 INFO  [o.n.k.i.n.s.StoreFactory]: accessingdataneo4j.db/neostore.relationshiptypestore.db.names hit=0 miss=3 switches=0 ooe=0
2014-04-15 04:08:03.753+0000 INFO  [o.n.k.i.n.s.StoreFactory]: accessingdataneo4j.db/neostore.relationshiptypestore.db hit=0 miss=3 switches=0 ooe=0
2014-04-15 04:08:03.754+0000 INFO  [o.n.k.i.n.s.StoreFactory]: accessingdataneo4j.db/neostore.propertystore.db.strings hit=0 miss=0 switches=0 ooe=0
2014-04-15 04:08:03.755+0000 INFO  [o.n.k.i.n.s.StoreFactory]: accessingdataneo4j.db/neostore.propertystore.db.index.keys hit=0 miss=4 switches=0 ooe=0
2014-04-15 04:08:03.757+0000 INFO  [o.n.k.i.n.s.StoreFactory]: accessingdataneo4j.db/neostore.propertystore.db.index hit=0 miss=4 switches=0 ooe=0
2014-04-15 04:08:03.757+0000 INFO  [o.n.k.i.n.s.StoreFactory]: accessingdataneo4j.db/neostore.propertystore.db.arrays hit=0 miss=0 switches=0 ooe=0
2014-04-15 04:08:03.758+0000 INFO  [o.n.k.i.n.s.StoreFactory]: accessingdataneo4j.db/neostore.propertystore.db hit=17 miss=0 switches=0 ooe=0
2014-04-15 04:08:03.759+0000 INFO  [o.n.k.i.n.s.StoreFactory]: accessingdataneo4j.db/neostore.relationshipstore.db hit=12 miss=0 switches=0 ooe=0
2014-04-15 04:08:03.761+0000 INFO  [o.n.k.i.n.s.StoreFactory]: accessingdataneo4j.db/neostore.nodestore.db hit=19 miss=0 switches=0 ooe=0
2014-04-15 04:08:03.762+0000 INFO  [o.n.k.i.n.s.StoreFactory]: accessingdataneo4j.db/neostore hit=0 miss=22 switches=0 ooe=0
2014-04-15 04:08:03.763+0000 INFO  [o.n.k.i.n.x.NeoStoreXaDataSource]: NeoStore closed
2014-04-15 04:08:03.763+0000 INFO  [o.n.k.i.DiagnosticsManager]: --- STOPPING diagnostics START ---
2014-04-15 04:08:03.763+0000 INFO  [o.n.k.i.DiagnosticsManager]: --- STOPPING diagnostics END ---
