2014-01-18 12:00:15,368 [localhost-startStop-1] INFO  org.springframework.web.servlet.DispatcherServlet  - FrameworkServlet 'spring': initialization started
2014-01-18 12:00:15,393 [localhost-startStop-1] INFO  org.springframework.web.context.support.XmlWebApplicationContext  - Refreshing WebApplicationContext for namespace 'spring-servlet': startup date [Sat Jan 18 12:00:15 CST 2014]; root of context hierarchy
2014-01-18 12:00:15,461 [localhost-startStop-1] INFO  org.springframework.beans.factory.xml.XmlBeanDefinitionReader  - Loading XML bean definitions from ServletContext resource [/WEB-INF/spring-servlet.xml]
2014-01-18 12:00:15,738 [localhost-startStop-1] INFO  org.springframework.beans.factory.support.DefaultListableBeanFactory  - Pre-instantiating singletons in org.springframework.beans.factory.support.DefaultListableBeanFactory@56a47e02: defining beans [helloWorldController,org.springframework.context.annotation.internalConfigurationAnnotationProcessor,org.springframework.context.annotation.internalAutowiredAnnotationProcessor,org.springframework.context.annotation.internalRequiredAnnotationProcessor,org.springframework.context.annotation.internalCommonAnnotationProcessor,viewResolver,tileViewResolver,tilesConfigurer]; root of factory hierarchy
2014-01-18 12:00:15,805 [localhost-startStop-1] INFO  org.springframework.web.servlet.view.tiles2.TilesConfigurer  - TilesConfigurer: adding definitions [/WEB-INF/tiles.xml]
2014-01-18 12:00:15,820 [localhost-startStop-1] INFO  org.apache.tiles.context.AbstractTilesApplicationContextFactory  - Initializing Tiles2 application context. . .
2014-01-18 12:00:15,823 [localhost-startStop-1] INFO  org.apache.tiles.context.AbstractTilesApplicationContextFactory  - Finished initializing Tiles2 application context.
2014-01-18 12:00:15,875 [localhost-startStop-1] INFO  org.apache.tiles.access.TilesAccess  - Publishing TilesContext for context: org.springframework.web.servlet.view.tiles2.SpringTilesApplicationContextFactory$SpringWildcardServletTilesApplicationContext
2014-01-18 12:00:15,917 [localhost-startStop-1] INFO  org.springframework.web.servlet.mvc.annotation.DefaultAnnotationHandlerMapping  - Mapped URL path [/apimanager] onto handler [com.umonitor.apitest.actions.HelloWorldController@50fd2590]
2014-01-18 12:00:15,917 [localhost-startStop-1] INFO  org.springframework.web.servlet.mvc.annotation.DefaultAnnotationHandlerMapping  - Mapped URL path [/apimanager.*] onto handler [com.umonitor.apitest.actions.HelloWorldController@50fd2590]
2014-01-18 12:00:15,917 [localhost-startStop-1] INFO  org.springframework.web.servlet.mvc.annotation.DefaultAnnotationHandlerMapping  - Mapped URL path [/apimanager/] onto handler [com.umonitor.apitest.actions.HelloWorldController@50fd2590]
2014-01-18 12:00:15,917 [localhost-startStop-1] INFO  org.springframework.web.servlet.mvc.annotation.DefaultAnnotationHandlerMapping  - Mapped URL path [/hello] onto handler [com.umonitor.apitest.actions.HelloWorldController@50fd2590]
2014-01-18 12:00:15,917 [localhost-startStop-1] INFO  org.springframework.web.servlet.mvc.annotation.DefaultAnnotationHandlerMapping  - Mapped URL path [/hello.*] onto handler [com.umonitor.apitest.actions.HelloWorldController@50fd2590]
2014-01-18 12:00:15,917 [localhost-startStop-1] INFO  org.springframework.web.servlet.mvc.annotation.DefaultAnnotationHandlerMapping  - Mapped URL path [/hello/] onto handler [com.umonitor.apitest.actions.HelloWorldController@50fd2590]
2014-01-18 12:00:15,988 [localhost-startStop-1] INFO  org.springframework.web.servlet.DispatcherServlet  - FrameworkServlet 'spring': initialization completed in 619 ms
2014-01-18 12:03:44,239 [localhost-startStop-2] INFO  org.springframework.web.context.support.XmlWebApplicationContext  - Closing WebApplicationContext for namespace 'spring-servlet': startup date [Sat Jan 18 12:00:15 CST 2014]; root of context hierarchy
2014-01-18 12:03:44,239 [localhost-startStop-2] INFO  org.springframework.beans.factory.support.DefaultListableBeanFactory  - Destroying singletons in org.springframework.beans.factory.support.DefaultListableBeanFactory@56a47e02: defining beans [helloWorldController,org.springframework.context.annotation.internalConfigurationAnnotationProcessor,org.springframework.context.annotation.internalAutowiredAnnotationProcessor,org.springframework.context.annotation.internalRequiredAnnotationProcessor,org.springframework.context.annotation.internalCommonAnnotationProcessor,viewResolver,tileViewResolver,tilesConfigurer]; root of factory hierarchy
2014-01-18 12:03:44,239 [localhost-startStop-2] INFO  org.apache.tiles.access.TilesAccess  - Removing TilesContext for context: org.springframework.web.servlet.view.tiles2.SpringTilesApplicationContextFactory$SpringWildcardServletTilesApplicationContext
2014-01-18 12:03:58,204 [localhost-startStop-1] INFO  org.springframework.web.servlet.DispatcherServlet  - FrameworkServlet 'spring': initialization started
2014-01-18 12:03:58,227 [localhost-startStop-1] INFO  org.springframework.web.context.support.XmlWebApplicationContext  - Refreshing WebApplicationContext for namespace 'spring-servlet': startup date [Sat Jan 18 12:03:58 CST 2014]; root of context hierarchy
2014-01-18 12:03:58,261 [localhost-startStop-1] INFO  org.springframework.beans.factory.xml.XmlBeanDefinitionReader  - Loading XML bean definitions from ServletContext resource [/WEB-INF/spring-servlet.xml]
2014-01-18 12:03:58,473 [localhost-startStop-1] INFO  org.springframework.beans.factory.support.DefaultListableBeanFactory  - Pre-instantiating singletons in org.springframework.beans.factory.support.DefaultListableBeanFactory@68317e2c: defining beans [helloWorldController,org.springframework.context.annotation.internalConfigurationAnnotationProcessor,org.springframework.context.annotation.internalAutowiredAnnotationProcessor,org.springframework.context.annotation.internalRequiredAnnotationProcessor,org.springframework.context.annotation.internalCommonAnnotationProcessor,viewResolver,tileViewResolver,tilesConfigurer]; root of factory hierarchy
2014-01-18 12:03:58,526 [localhost-startStop-1] INFO  org.springframework.web.servlet.view.tiles2.TilesConfigurer  - TilesConfigurer: adding definitions [/WEB-INF/tiles.xml]
2014-01-18 12:03:58,539 [localhost-startStop-1] INFO  org.apache.tiles.context.AbstractTilesApplicationContextFactory  - Initializing Tiles2 application context. . .
2014-01-18 12:03:58,541 [localhost-startStop-1] INFO  org.apache.tiles.context.AbstractTilesApplicationContextFactory  - Finished initializing Tiles2 application context.
2014-01-18 12:03:58,590 [localhost-startStop-1] INFO  org.apache.tiles.access.TilesAccess  - Publishing TilesContext for context: org.springframework.web.servlet.view.tiles2.SpringTilesApplicationContextFactory$SpringWildcardServletTilesApplicationContext
2014-01-18 12:03:58,631 [localhost-startStop-1] INFO  org.springframework.web.servlet.mvc.annotation.DefaultAnnotationHandlerMapping  - Mapped URL path [/hello] onto handler [com.umonitor.apitest.actions.HelloWorldController@60060d5f]
2014-01-18 12:03:58,631 [localhost-startStop-1] INFO  org.springframework.web.servlet.mvc.annotation.DefaultAnnotationHandlerMapping  - Mapped URL path [/hello.*] onto handler [com.umonitor.apitest.actions.HelloWorldController@60060d5f]
2014-01-18 12:03:58,631 [localhost-startStop-1] INFO  org.springframework.web.servlet.mvc.annotation.DefaultAnnotationHandlerMapping  - Mapped URL path [/hello/] onto handler [com.umonitor.apitest.actions.HelloWorldController@60060d5f]
2014-01-18 12:03:58,631 [localhost-startStop-1] INFO  org.springframework.web.servlet.mvc.annotation.DefaultAnnotationHandlerMapping  - Mapped URL path [/apimanager] onto handler [com.umonitor.apitest.actions.HelloWorldController@60060d5f]
2014-01-18 12:03:58,631 [localhost-startStop-1] INFO  org.springframework.web.servlet.mvc.annotation.DefaultAnnotationHandlerMapping  - Mapped URL path [/apimanager.*] onto handler [com.umonitor.apitest.actions.HelloWorldController@60060d5f]
2014-01-18 12:03:58,631 [localhost-startStop-1] INFO  org.springframework.web.servlet.mvc.annotation.DefaultAnnotationHandlerMapping  - Mapped URL path [/apimanager/] onto handler [com.umonitor.apitest.actions.HelloWorldController@60060d5f]
2014-01-18 12:03:58,697 [localhost-startStop-1] INFO  org.springframework.web.servlet.DispatcherServlet  - FrameworkServlet 'spring': initialization completed in 492 ms
2014-01-18 16:26:51,041 [localhost-startStop-10] INFO  org.springframework.web.context.support.XmlWebApplicationContext  - Closing WebApplicationContext for namespace 'spring-servlet': startup date [Sat Jan 18 12:03:58 CST 2014]; root of context hierarchy
2014-01-18 16:26:51,043 [localhost-startStop-10] INFO  org.springframework.beans.factory.support.DefaultListableBeanFactory  - Destroying singletons in org.springframework.beans.factory.support.DefaultListableBeanFactory@68317e2c: defining beans [helloWorldController,org.springframework.context.annotation.internalConfigurationAnnotationProcessor,org.springframework.context.annotation.internalAutowiredAnnotationProcessor,org.springframework.context.annotation.internalRequiredAnnotationProcessor,org.springframework.context.annotation.internalCommonAnnotationProcessor,viewResolver,tileViewResolver,tilesConfigurer]; root of factory hierarchy
2014-01-18 16:26:51,043 [localhost-startStop-10] INFO  org.apache.tiles.access.TilesAccess  - Removing TilesContext for context: org.springframework.web.servlet.view.tiles2.SpringTilesApplicationContextFactory$SpringWildcardServletTilesApplicationContext
2014-01-18 16:58:17,786 [localhost-startStop-1] INFO  org.springframework.web.servlet.DispatcherServlet  - FrameworkServlet 'spring': initialization started
2014-01-18 16:58:17,808 [localhost-startStop-1] INFO  org.springframework.web.context.support.XmlWebApplicationContext  - Refreshing WebApplicationContext for namespace 'spring-servlet': startup date [Sat Jan 18 16:58:17 CST 2014]; root of context hierarchy
2014-01-18 16:58:17,840 [localhost-startStop-1] INFO  org.springframework.beans.factory.xml.XmlBeanDefinitionReader  - Loading XML bean definitions from ServletContext resource [/WEB-INF/spring-servlet.xml]
2014-01-18 16:58:18,071 [localhost-startStop-1] INFO  org.springframework.beans.factory.support.DefaultListableBeanFactory  - Pre-instantiating singletons in org.springframework.beans.factory.support.DefaultListableBeanFactory@165e4430: defining beans [helloWorldController,org.springframework.context.annotation.internalConfigurationAnnotationProcessor,org.springframework.context.annotation.internalAutowiredAnnotationProcessor,org.springframework.context.annotation.internalRequiredAnnotationProcessor,org.springframework.context.annotation.internalCommonAnnotationProcessor,viewResolver,tileViewResolver,tilesConfigurer]; root of factory hierarchy
2014-01-18 16:58:18,122 [localhost-startStop-1] INFO  org.springframework.web.servlet.view.tiles2.TilesConfigurer  - TilesConfigurer: adding definitions [/WEB-INF/tiles.xml]
2014-01-18 16:58:18,144 [localhost-startStop-1] INFO  org.apache.tiles.context.AbstractTilesApplicationContextFactory  - Initializing Tiles2 application context. . .
2014-01-18 16:58:18,146 [localhost-startStop-1] INFO  org.apache.tiles.context.AbstractTilesApplicationContextFactory  - Finished initializing Tiles2 application context.
2014-01-18 16:58:18,207 [localhost-startStop-1] INFO  org.apache.tiles.access.TilesAccess  - Publishing TilesContext for context: org.springframework.web.servlet.view.tiles2.SpringTilesApplicationContextFactory$SpringWildcardServletTilesApplicationContext
2014-01-18 16:58:18,243 [localhost-startStop-1] INFO  org.springframework.web.servlet.mvc.annotation.DefaultAnnotationHandlerMapping  - Mapped URL path [/apimanager] onto handler [com.umonitor.apitest.actions.HelloWorldController@195f7b59]
2014-01-18 16:58:18,243 [localhost-startStop-1] INFO  org.springframework.web.servlet.mvc.annotation.DefaultAnnotationHandlerMapping  - Mapped URL path [/apimanager.*] onto handler [com.umonitor.apitest.actions.HelloWorldController@195f7b59]
2014-01-18 16:58:18,243 [localhost-startStop-1] INFO  org.springframework.web.servlet.mvc.annotation.DefaultAnnotationHandlerMapping  - Mapped URL path [/apimanager/] onto handler [com.umonitor.apitest.actions.HelloWorldController@195f7b59]
2014-01-18 16:58:18,244 [localhost-startStop-1] INFO  org.springframework.web.servlet.mvc.annotation.DefaultAnnotationHandlerMapping  - Mapped URL path [/hello] onto handler [com.umonitor.apitest.actions.HelloWorldController@195f7b59]
2014-01-18 16:58:18,244 [localhost-startStop-1] INFO  org.springframework.web.servlet.mvc.annotation.DefaultAnnotationHandlerMapping  - Mapped URL path [/hello.*] onto handler [com.umonitor.apitest.actions.HelloWorldController@195f7b59]
2014-01-18 16:58:18,244 [localhost-startStop-1] INFO  org.springframework.web.servlet.mvc.annotation.DefaultAnnotationHandlerMapping  - Mapped URL path [/hello/] onto handler [com.umonitor.apitest.actions.HelloWorldController@195f7b59]
2014-01-18 16:58:18,310 [localhost-startStop-1] INFO  org.springframework.web.servlet.DispatcherServlet  - FrameworkServlet 'spring': initialization completed in 522 ms
2014-01-28 20:08:22,968 [localhost-startStop-26] INFO  org.springframework.web.context.support.XmlWebApplicationContext  - Closing WebApplicationContext for namespace 'spring-servlet': startup date [Sat Jan 18 16:58:17 CST 2014]; root of context hierarchy
2014-01-28 20:08:22,970 [localhost-startStop-26] INFO  org.springframework.beans.factory.support.DefaultListableBeanFactory  - Destroying singletons in org.springframework.beans.factory.support.DefaultListableBeanFactory@165e4430: defining beans [helloWorldController,org.springframework.context.annotation.internalConfigurationAnnotationProcessor,org.springframework.context.annotation.internalAutowiredAnnotationProcessor,org.springframework.context.annotation.internalRequiredAnnotationProcessor,org.springframework.context.annotation.internalCommonAnnotationProcessor,viewResolver,tileViewResolver,tilesConfigurer]; root of factory hierarchy
2014-01-28 20:08:22,970 [localhost-startStop-26] INFO  org.apache.tiles.access.TilesAccess  - Removing TilesContext for context: org.springframework.web.servlet.view.tiles2.SpringTilesApplicationContextFactory$SpringWildcardServletTilesApplicationContext
